<?xml version="1.0" encoding="UTF-8"?>
<!-- Generated by org.testng.reporters.JUnitReportReporter -->
<testsuite skipped="0" hostname="ip-172-31-17-139" name="RESTBDD.GetRequest" tests="2" failures="0" timestamp="04 Jun 2022 04:45:21 GMT" time="2.069" errors="0">
  <testcase name="test2" time="0.841" classname="RESTBDD.GetRequest"/>
  <testcase name="test1" time="1.228" classname="RESTBDD.GetRequest"/>
</testsuite> <!-- RESTBDD.GetRequest -->
