<?xml version="1.0" encoding="UTF-8"?>
<!-- Generated by org.testng.reporters.JUnitReportReporter -->
<testsuite skipped="0" hostname="ip-172-31-17-139" name="GitHub.EndTOEnd" tests="1" failures="0" timestamp="03 Jun 2022 11:49:48 GMT" time="1.463" errors="0">
  <testcase name="test1" time="1.463" classname="GitHub.EndTOEnd"/>
</testsuite> <!-- GitHub.EndTOEnd -->
