<?xml version="1.0" encoding="UTF-8"?>
<!-- Generated by org.testng.reporters.JUnitReportReporter -->
<testsuite skipped="0" hostname="ip-172-31-17-139" name="RESTBDD.PutRequest" tests="1" failures="0" timestamp="04 Jun 2022 05:13:13 GMT" time="2.106" errors="0">
  <testcase name="test1" time="2.106" classname="RESTBDD.PutRequest"/>
</testsuite> <!-- RESTBDD.PutRequest -->
