<?xml version="1.0" encoding="UTF-8"?>
<!-- Generated by org.testng.reporters.JUnitReportReporter -->
<testsuite skipped="0" hostname="ip-172-31-17-139" name="restAPI.GetRequest" tests="1" failures="0" timestamp="30 May 2022 07:31:20 GMT" time="1.435" errors="0">
  <testcase name="test1" time="1.435" classname="restAPI.GetRequest"/>
</testsuite> <!-- restAPI.GetRequest -->
