<?xml version="1.0" encoding="UTF-8"?>
<!-- Generated by org.testng.reporters.JUnitReportReporter -->
<testsuite skipped="0" hostname="ip-172-31-17-139" name="restAPI.RestApi" tests="1" failures="0" timestamp="28 May 2022 05:42:24 GMT" time="1.766" errors="0">
  <testcase name="test1" time="1.766" classname="restAPI.RestApi"/>
</testsuite> <!-- restAPI.RestApi -->
