<?xml version="1.0" encoding="UTF-8"?>
<!-- Generated by org.testng.reporters.JUnitReportReporter -->
<testsuite skipped="0" hostname="ip-172-31-17-139" name="restapixml.XMLTest" tests="2" failures="0" timestamp="04 Jun 2022 06:35:30 GMT" time="3.031" errors="0">
  <testcase name="test2" time="1.255" classname="restapixml.XMLTest"/>
  <testcase name="test1" time="1.776" classname="restapixml.XMLTest"/>
</testsuite> <!-- restapixml.XMLTest -->
