<?xml version="1.0" encoding="UTF-8"?>
<!-- Generated by org.testng.reporters.JUnitReportReporter -->
<testsuite skipped="0" hostname="ip-172-31-17-139" name="restAPI.PostRequestWithFile" tests="1" failures="0" timestamp="28 May 2022 07:16:49 GMT" time="1.924" errors="0">
  <testcase name="test1" time="1.924" classname="restAPI.PostRequestWithFile"/>
</testsuite> <!-- restAPI.PostRequestWithFile -->
