<?xml version="1.0" encoding="UTF-8"?>
<!-- Generated by org.testng.reporters.JUnitReportReporter -->
<testsuite skipped="0" hostname="ip-172-31-17-139" name="restAPI.PostRequestWithMap" tests="1" failures="0" timestamp="28 May 2022 06:51:47 GMT" time="2.047" errors="0">
  <testcase name="test1" time="2.047" classname="restAPI.PostRequestWithMap"/>
</testsuite> <!-- restAPI.PostRequestWithMap -->
