<?xml version="1.0" encoding="UTF-8"?>
<!-- Generated by org.testng.reporters.JUnitReportReporter -->
<testsuite skipped="0" hostname="ip-172-31-17-139" name="restAPI.PutRequest" tests="1" failures="0" timestamp="29 May 2022 03:54:03 GMT" time="1.288" errors="0">
  <testcase name="test" time="1.288" classname="restAPI.PutRequest"/>
</testsuite> <!-- restAPI.PutRequest -->
