<?xml version="1.0" encoding="UTF-8"?>
<!-- Generated by org.testng.reporters.JUnitReportReporter -->
<testsuite skipped="0" hostname="ip-172-31-17-139" name="restAPI.PostRequestWithJsonObject" tests="1" failures="0" timestamp="28 May 2022 06:41:22 GMT" time="1.888" errors="0">
  <testcase name="test1" time="1.888" classname="restAPI.PostRequestWithJsonObject"/>
</testsuite> <!-- restAPI.PostRequestWithJsonObject -->
