<?xml version="1.0" encoding="UTF-8"?>
<!-- Generated by org.testng.reporters.JUnitReportReporter -->
<testsuite skipped="0" hostname="ip-172-31-17-139" name="APIChaining.EndToEndTest" tests="1" failures="0" timestamp="03 Jun 2022 11:11:21 GMT" time="1.803" errors="0">
  <testcase name="test1" time="1.803" classname="APIChaining.EndToEndTest"/>
</testsuite> <!-- APIChaining.EndToEndTest -->
